{"/home/thiago/Documents/Driven/drivent1-ref-initial/src/app.ts": {"path":"/home/thiago/Documents/Driven/drivent1-ref-initial/src/app.ts","statementMap":{"0":{"start":{"line":1,"column":0},"end":{"line":1,"column":26}},"1":{"start":{"line":2,"column":0},"end":{"line":2,"column":30}},"2":{"start":{"line":3,"column":0},"end":{"line":3,"column":43}},"3":{"start":{"line":4,"column":0},"end":{"line":4,"column":24}},"4":{"start":{"line":6,"column":0},"end":{"line":6,"column":60}},"5":{"start":{"line":8,"column":0},"end":{"line":8,"column":10}},"6":{"start":{"line":10,"column":0},"end":{"line":10,"column":56}},"7":{"start":{"line":11,"column":0},"end":{"line":11,"column":null}},"8":{"start":{"line":21,"column":12},"end":{"line":21,"column":21}},"9":{"start":{"line":22,"column":0},"end":{"line":33,"column":32}},"10":{"start":{"line":25,"column":33},"end":{"line":25,"column":48}},"11":{"start":{"line":36,"column":2},"end":{"line":36,"column":14}},"12":{"start":{"line":37,"column":2},"end":{"line":37,"column":30}},"13":{"start":{"line":35,"column":0},"end":{"line":35,"column":16}},"14":{"start":{"line":41,"column":2},"end":{"line":41,"column":23}},"15":{"start":{"line":40,"column":0},"end":{"line":40,"column":7}},"16":{"start":{"line":44,"column":0},"end":{"line":44,"column":19}}},"fnMap":{"0":{"name":"(anonymous_1)","decl":{"start":{"line":25,"column":18},"end":{"line":25,"column":19}},"loc":{"start":{"line":25,"column":33},"end":{"line":25,"column":48}}},"1":{"name":"init","decl":{"start":{"line":35,"column":16},"end":{"line":35,"column":20}},"loc":{"start":{"line":35,"column":20},"end":{"line":38,"column":1}}},"2":{"name":"close","decl":{"start":{"line":40,"column":22},"end":{"line":40,"column":27}},"loc":{"start":{"line":40,"column":27},"end":{"line":42,"column":1}}}},"branchMap":{},"s":{"0":10,"1":10,"2":10,"3":10,"4":10,"5":10,"6":10,"7":10,"8":10,"9":10,"10":1,"11":10,"12":10,"13":10,"14":0,"15":10,"16":10},"f":{"0":1,"1":10,"2":0},"b":{}}
,"/home/thiago/Documents/Driven/drivent1-ref-initial/src/server.ts": {"path":"/home/thiago/Documents/Driven/drivent1-ref-initial/src/server.ts","statementMap":{"0":{"start":{"line":1,"column":0},"end":{"line":1,"column":34}},"1":{"start":{"line":3,"column":13},"end":{"line":3,"column":38}},"2":{"start":{"line":5,"column":0},"end":{"line":10,"column":3}},"3":{"start":{"line":6,"column":2},"end":{"line":9,"column":5}},"4":{"start":{"line":8,"column":4},"end":{"line":8,"column":56}}},"fnMap":{"0":{"name":"(anonymous_6)","decl":{"start":{"line":5,"column":12},"end":{"line":5,"column":15}},"loc":{"start":{"line":5,"column":17},"end":{"line":10,"column":1}}},"1":{"name":"(anonymous_7)","decl":{"start":{"line":6,"column":19},"end":{"line":6,"column":22}},"loc":{"start":{"line":6,"column":24},"end":{"line":9,"column":3}}}},"branchMap":{"0":{"loc":{"start":{"line":3,"column":13},"end":{"line":3,"column":38}},"type":"binary-expr","locations":[{"start":{"line":3,"column":13},"end":{"line":3,"column":30}},{"start":{"line":3,"column":34},"end":{"line":3,"column":38}}]}},"s":{"0":0,"1":0,"2":0,"3":0,"4":0},"f":{"0":0,"1":0},"b":{"0":[0,0]}}
,"/home/thiago/Documents/Driven/drivent1-ref-initial/src/config/database.ts": {"path":"/home/thiago/Documents/Driven/drivent1-ref-initial/src/config/database.ts","statementMap":{"0":{"start":{"line":1,"column":0},"end":{"line":1,"column":46}},"1":{"start":{"line":5,"column":2},"end":{"line":5,"column":30}},"2":{"start":{"line":4,"column":0},"end":{"line":4,"column":16}},"3":{"start":{"line":9,"column":2},"end":{"line":9,"column":30}},"4":{"start":{"line":8,"column":0},"end":{"line":8,"column":7}}},"fnMap":{"0":{"name":"connectDb","decl":{"start":{"line":4,"column":16},"end":{"line":4,"column":25}},"loc":{"start":{"line":4,"column":25},"end":{"line":6,"column":1}}},"1":{"name":"disconnectDB","decl":{"start":{"line":8,"column":22},"end":{"line":8,"column":34}},"loc":{"start":{"line":8,"column":34},"end":{"line":10,"column":1}}}},"branchMap":{},"s":{"0":13,"1":10,"2":13,"3":0,"4":13},"f":{"0":10,"1":0},"b":{}}
,"/home/thiago/Documents/Driven/drivent1-ref-initial/src/config/envs.ts": {"path":"/home/thiago/Documents/Driven/drivent1-ref-initial/src/config/envs.ts","statementMap":{"0":{"start":{"line":1,"column":0},"end":{"line":1,"column":28}},"1":{"start":{"line":2,"column":0},"end":{"line":2,"column":41}},"2":{"start":{"line":6,"column":4},"end":{"line":10,"column":14}},"3":{"start":{"line":12,"column":22},"end":{"line":12,"column":45}},"4":{"start":{"line":13,"column":2},"end":{"line":13,"column":35}},"5":{"start":{"line":4,"column":0},"end":{"line":4,"column":16}}},"fnMap":{"0":{"name":"loadEnv","decl":{"start":{"line":4,"column":16},"end":{"line":4,"column":23}},"loc":{"start":{"line":4,"column":23},"end":{"line":14,"column":1}}}},"branchMap":{"0":{"loc":{"start":{"line":6,"column":4},"end":{"line":10,"column":14}},"type":"cond-expr","locations":[{"start":{"line":7,"column":8},"end":{"line":7,"column":19}},{"start":{"line":8,"column":8},"end":{"line":10,"column":14}}]},"1":{"loc":{"start":{"line":8,"column":8},"end":{"line":10,"column":14}},"type":"cond-expr","locations":[{"start":{"line":9,"column":8},"end":{"line":9,"column":26}},{"start":{"line":10,"column":8},"end":{"line":10,"column":14}}]}},"s":{"0":13,"1":13,"2":23,"3":23,"4":23,"5":13},"f":{"0":23},"b":{"0":[23,0],"1":[0,0]}}
,"/home/thiago/Documents/Driven/drivent1-ref-initial/src/config/index.ts": {"path":"/home/thiago/Documents/Driven/drivent1-ref-initial/src/config/index.ts","statementMap":{"0":{"start":{"line":1,"column":0},"end":{"line":1,"column":23}},"1":{"start":{"line":2,"column":0},"end":{"line":2,"column":27}}},"fnMap":{},"branchMap":{},"s":{"0":13,"1":13},"f":{},"b":{}}
,"/home/thiago/Documents/Driven/drivent1-ref-initial/src/controllers/authentication-controller.ts": {"path":"/home/thiago/Documents/Driven/drivent1-ref-initial/src/controllers/authentication-controller.ts","statementMap":{"0":{"start":{"line":2,"column":0},"end":{"line":2,"column":37}},"1":{"start":{"line":3,"column":0},"end":{"line":3,"column":88}},"2":{"start":{"line":6,"column":30},"end":{"line":6,"column":54}},"3":{"start":{"line":8,"column":2},"end":{"line":14,"column":null}},"4":{"start":{"line":9,"column":19},"end":{"line":9,"column":74}},"5":{"start":{"line":11,"column":4},"end":{"line":11,"column":50}},"6":{"start":{"line":13,"column":4},"end":{"line":13,"column":56}},"7":{"start":{"line":5,"column":0},"end":{"line":5,"column":7}}},"fnMap":{"0":{"name":"singInPost","decl":{"start":{"line":5,"column":22},"end":{"line":5,"column":32}},"loc":{"start":{"line":5,"column":60},"end":{"line":15,"column":1}}}},"branchMap":{},"s":{"0":10,"1":10,"2":5,"3":5,"4":5,"5":3,"6":2,"7":10},"f":{"0":5},"b":{}}
,"/home/thiago/Documents/Driven/drivent1-ref-initial/src/controllers/enrollments-controller.ts": {"path":"/home/thiago/Documents/Driven/drivent1-ref-initial/src/controllers/enrollments-controller.ts","statementMap":{"0":{"start":{"line":2,"column":0},"end":{"line":2,"column":37}},"1":{"start":{"line":4,"column":0},"end":{"line":4,"column":64}},"2":{"start":{"line":7,"column":21},"end":{"line":7,"column":24}},"3":{"start":{"line":9,"column":2},"end":{"line":15,"column":null}},"4":{"start":{"line":10,"column":34},"end":{"line":10,"column":92}},"5":{"start":{"line":12,"column":4},"end":{"line":12,"column":65}},"6":{"start":{"line":14,"column":4},"end":{"line":14,"column":49}},"7":{"start":{"line":6,"column":0},"end":{"line":6,"column":7}},"8":{"start":{"line":19,"column":2},"end":{"line":28,"column":null}},"9":{"start":{"line":20,"column":4},"end":{"line":23,"column":7}},"10":{"start":{"line":25,"column":4},"end":{"line":25,"column":41}},"11":{"start":{"line":27,"column":4},"end":{"line":27,"column":50}},"12":{"start":{"line":18,"column":0},"end":{"line":18,"column":7}},"13":{"start":{"line":32,"column":18},"end":{"line":32,"column":53}},"14":{"start":{"line":34,"column":2},"end":{"line":41,"column":null}},"15":{"start":{"line":35,"column":20},"end":{"line":35,"column":67}},"16":{"start":{"line":36,"column":4},"end":{"line":36,"column":44}},"17":{"start":{"line":38,"column":4},"end":{"line":40,"column":null}},"18":{"start":{"line":39,"column":6},"end":{"line":39,"column":51}},"19":{"start":{"line":31,"column":0},"end":{"line":31,"column":7}}},"fnMap":{"0":{"name":"getEnrollmentByUser","decl":{"start":{"line":6,"column":22},"end":{"line":6,"column":41}},"loc":{"start":{"line":6,"column":82},"end":{"line":16,"column":1}}},"1":{"name":"postCreateOrUpdateEnrollment","decl":{"start":{"line":18,"column":22},"end":{"line":18,"column":50}},"loc":{"start":{"line":18,"column":91},"end":{"line":29,"column":1}}},"2":{"name":"getAddressFromCEP","decl":{"start":{"line":31,"column":22},"end":{"line":31,"column":39}},"loc":{"start":{"line":31,"column":80},"end":{"line":42,"column":1}}}},"branchMap":{"0":{"loc":{"start":{"line":38,"column":4},"end":{"line":40,"column":null}},"type":"if","locations":[{"start":{"line":38,"column":4},"end":{"line":40,"column":null}}]}},"s":{"0":10,"1":10,"2":2,"3":2,"4":2,"5":1,"6":1,"7":10,"8":2,"9":2,"10":2,"11":0,"12":10,"13":2,"14":2,"15":2,"16":1,"17":1,"18":1,"19":10},"f":{"0":2,"1":2,"2":2},"b":{"0":[1]}}
,"/home/thiago/Documents/Driven/drivent1-ref-initial/src/controllers/events-controller.ts": {"path":"/home/thiago/Documents/Driven/drivent1-ref-initial/src/controllers/events-controller.ts","statementMap":{"0":{"start":{"line":2,"column":0},"end":{"line":2,"column":37}},"1":{"start":{"line":3,"column":0},"end":{"line":3,"column":54}},"2":{"start":{"line":6,"column":2},"end":{"line":11,"column":null}},"3":{"start":{"line":7,"column":18},"end":{"line":7,"column":53}},"4":{"start":{"line":8,"column":4},"end":{"line":8,"column":49}},"5":{"start":{"line":10,"column":4},"end":{"line":10,"column":53}},"6":{"start":{"line":5,"column":0},"end":{"line":5,"column":7}}},"fnMap":{"0":{"name":"getDefaultEvent","decl":{"start":{"line":5,"column":22},"end":{"line":5,"column":37}},"loc":{"start":{"line":5,"column":66},"end":{"line":12,"column":1}}}},"branchMap":{},"s":{"0":10,"1":10,"2":2,"3":2,"4":1,"5":1,"6":10},"f":{"0":2},"b":{}}
,"/home/thiago/Documents/Driven/drivent1-ref-initial/src/controllers/hotels.controller.ts": {"path":"/home/thiago/Documents/Driven/drivent1-ref-initial/src/controllers/hotels.controller.ts","statementMap":{"0":{"start":{"line":3,"column":0},"end":{"line":3,"column":53}},"1":{"start":{"line":6,"column":21},"end":{"line":6,"column":24}},"2":{"start":{"line":7,"column":2},"end":{"line":12,"column":null}},"3":{"start":{"line":8,"column":19},"end":{"line":8,"column":56}},"4":{"start":{"line":9,"column":4},"end":{"line":9,"column":21}},"5":{"start":{"line":11,"column":4},"end":{"line":11,"column":16}},"6":{"start":{"line":5,"column":0},"end":{"line":5,"column":7}},"7":{"start":{"line":19,"column":6},"end":{"line":19,"column":9}},"8":{"start":{"line":20,"column":2},"end":{"line":25,"column":null}},"9":{"start":{"line":21,"column":18},"end":{"line":21,"column":75}},"10":{"start":{"line":22,"column":4},"end":{"line":22,"column":20}},"11":{"start":{"line":24,"column":4},"end":{"line":24,"column":16}},"12":{"start":{"line":15,"column":0},"end":{"line":15,"column":7}}},"fnMap":{"0":{"name":"getHotels","decl":{"start":{"line":5,"column":22},"end":{"line":5,"column":31}},"loc":{"start":{"line":5,"column":92},"end":{"line":13,"column":1}}},"1":{"name":"getHotelbyId","decl":{"start":{"line":15,"column":22},"end":{"line":15,"column":34}},"loc":{"start":{"line":15,"column":95},"end":{"line":26,"column":1}}}},"branchMap":{},"s":{"0":10,"1":7,"2":7,"3":7,"4":1,"5":6,"6":10,"7":7,"8":7,"9":7,"10":1,"11":6,"12":10},"f":{"0":7,"1":7},"b":{}}
,"/home/thiago/Documents/Driven/drivent1-ref-initial/src/controllers/index.ts": {"path":"/home/thiago/Documents/Driven/drivent1-ref-initial/src/controllers/index.ts","statementMap":{"0":{"start":{"line":1,"column":0},"end":{"line":1,"column":35}},"1":{"start":{"line":2,"column":0},"end":{"line":2,"column":44}},"2":{"start":{"line":3,"column":0},"end":{"line":3,"column":36}},"3":{"start":{"line":4,"column":0},"end":{"line":4,"column":41}},"4":{"start":{"line":5,"column":0},"end":{"line":5,"column":37}},"5":{"start":{"line":6,"column":0},"end":{"line":6,"column":38}},"6":{"start":{"line":7,"column":0},"end":{"line":7,"column":36}}},"fnMap":{},"branchMap":{},"s":{"0":10,"1":10,"2":10,"3":10,"4":10,"5":10,"6":10},"f":{},"b":{}}
,"/home/thiago/Documents/Driven/drivent1-ref-initial/src/controllers/payments-controller.ts": {"path":"/home/thiago/Documents/Driven/drivent1-ref-initial/src/controllers/payments-controller.ts","statementMap":{"0":{"start":{"line":3,"column":0},"end":{"line":3,"column":58}},"1":{"start":{"line":7,"column":21},"end":{"line":7,"column":24}},"2":{"start":{"line":8,"column":23},"end":{"line":8,"column":32}},"3":{"start":{"line":10,"column":2},"end":{"line":15,"column":null}},"4":{"start":{"line":11,"column":20},"end":{"line":11,"column":78}},"5":{"start":{"line":12,"column":4},"end":{"line":12,"column":22}},"6":{"start":{"line":14,"column":4},"end":{"line":14,"column":16}},"7":{"start":{"line":6,"column":0},"end":{"line":6,"column":7}},"8":{"start":{"line":19,"column":23},"end":{"line":19,"column":47}},"9":{"start":{"line":20,"column":21},"end":{"line":20,"column":24}},"10":{"start":{"line":21,"column":2},"end":{"line":26,"column":null}},"11":{"start":{"line":22,"column":26},"end":{"line":22,"column":81}},"12":{"start":{"line":23,"column":4},"end":{"line":23,"column":28}},"13":{"start":{"line":25,"column":4},"end":{"line":25,"column":16}},"14":{"start":{"line":18,"column":0},"end":{"line":18,"column":7}}},"fnMap":{"0":{"name":"getPayment","decl":{"start":{"line":6,"column":22},"end":{"line":6,"column":32}},"loc":{"start":{"line":6,"column":93},"end":{"line":16,"column":1}}},"1":{"name":"makePayment","decl":{"start":{"line":18,"column":22},"end":{"line":18,"column":33}},"loc":{"start":{"line":18,"column":94},"end":{"line":27,"column":1}}}},"branchMap":{},"s":{"0":10,"1":3,"2":3,"3":3,"4":3,"5":1,"6":2,"7":10,"8":5,"9":5,"10":5,"11":5,"12":3,"13":2,"14":10},"f":{"0":3,"1":5},"b":{}}
,"/home/thiago/Documents/Driven/drivent1-ref-initial/src/controllers/tickets-controller.ts": {"path":"/home/thiago/Documents/Driven/drivent1-ref-initial/src/controllers/tickets-controller.ts","statementMap":{"0":{"start":{"line":1,"column":0},"end":{"line":1,"column":37}},"1":{"start":{"line":5,"column":0},"end":{"line":5,"column":56}},"2":{"start":{"line":8,"column":2},"end":{"line":13,"column":null}},"3":{"start":{"line":9,"column":24},"end":{"line":9,"column":61}},"4":{"start":{"line":10,"column":4},"end":{"line":10,"column":33}},"5":{"start":{"line":12,"column":4},"end":{"line":12,"column":49}},"6":{"start":{"line":7,"column":0},"end":{"line":7,"column":7}},"7":{"start":{"line":24,"column":6},"end":{"line":24,"column":9}},"8":{"start":{"line":25,"column":2},"end":{"line":30,"column":null}},"9":{"start":{"line":26,"column":56},"end":{"line":26,"column":114}},"10":{"start":{"line":27,"column":4},"end":{"line":27,"column":55}},"11":{"start":{"line":29,"column":4},"end":{"line":29,"column":23}},"12":{"start":{"line":16,"column":0},"end":{"line":16,"column":7}},"13":{"start":{"line":34,"column":21},"end":{"line":34,"column":24}},"14":{"start":{"line":35,"column":2},"end":{"line":40,"column":null}},"15":{"start":{"line":36,"column":20},"end":{"line":36,"column":58}},"16":{"start":{"line":37,"column":4},"end":{"line":37,"column":29}},"17":{"start":{"line":39,"column":4},"end":{"line":39,"column":23}},"18":{"start":{"line":33,"column":0},"end":{"line":33,"column":7}}},"fnMap":{"0":{"name":"getTicketTypes","decl":{"start":{"line":7,"column":22},"end":{"line":7,"column":36}},"loc":{"start":{"line":7,"column":77},"end":{"line":14,"column":1}}},"1":{"name":"createNewTicket","decl":{"start":{"line":16,"column":22},"end":{"line":16,"column":37}},"loc":{"start":{"line":19,"column":20},"end":{"line":31,"column":1}}},"2":{"name":"getTicket","decl":{"start":{"line":33,"column":22},"end":{"line":33,"column":31}},"loc":{"start":{"line":33,"column":92},"end":{"line":41,"column":1}}}},"branchMap":{},"s":{"0":10,"1":10,"2":2,"3":2,"4":2,"5":0,"6":10,"7":3,"8":3,"9":3,"10":2,"11":1,"12":10,"13":3,"14":3,"15":3,"16":1,"17":2,"18":10},"f":{"0":2,"1":3,"2":3},"b":{}}
,"/home/thiago/Documents/Driven/drivent1-ref-initial/src/controllers/users-controller.ts": {"path":"/home/thiago/Documents/Driven/drivent1-ref-initial/src/controllers/users-controller.ts","statementMap":{"0":{"start":{"line":2,"column":0},"end":{"line":2,"column":37}},"1":{"start":{"line":3,"column":0},"end":{"line":3,"column":51}},"2":{"start":{"line":6,"column":30},"end":{"line":6,"column":38}},"3":{"start":{"line":8,"column":2},"end":{"line":19,"column":null}},"4":{"start":{"line":9,"column":17},"end":{"line":9,"column":66}},"5":{"start":{"line":10,"column":4},"end":{"line":13,"column":7}},"6":{"start":{"line":15,"column":4},"end":{"line":17,"column":null}},"7":{"start":{"line":16,"column":6},"end":{"line":16,"column":57}},"8":{"start":{"line":18,"column":4},"end":{"line":18,"column":58}},"9":{"start":{"line":5,"column":0},"end":{"line":5,"column":7}}},"fnMap":{"0":{"name":"usersPost","decl":{"start":{"line":5,"column":22},"end":{"line":5,"column":31}},"loc":{"start":{"line":5,"column":59},"end":{"line":20,"column":1}}}},"branchMap":{"0":{"loc":{"start":{"line":15,"column":4},"end":{"line":17,"column":null}},"type":"if","locations":[{"start":{"line":15,"column":4},"end":{"line":17,"column":null}}]}},"s":{"0":10,"1":10,"2":6,"3":6,"4":6,"5":3,"6":3,"7":1,"8":2,"9":10},"f":{"0":6},"b":{"0":[1]}}
,"/home/thiago/Documents/Driven/drivent1-ref-initial/src/errors/cannot-enroll-before-start-date-error.ts": {"path":"/home/thiago/Documents/Driven/drivent1-ref-initial/src/errors/cannot-enroll-before-start-date-error.ts","statementMap":{"0":{"start":{"line":4,"column":2},"end":{"line":7,"column":4}},"1":{"start":{"line":3,"column":0},"end":{"line":3,"column":16}}},"fnMap":{"0":{"name":"cannotEnrollBeforeStartDateError","decl":{"start":{"line":3,"column":16},"end":{"line":3,"column":48}},"loc":{"start":{"line":3,"column":48},"end":{"line":8,"column":1}}}},"branchMap":{},"s":{"0":2,"1":10},"f":{"0":2},"b":{}}
,"/home/thiago/Documents/Driven/drivent1-ref-initial/src/errors/conflict-error.ts": {"path":"/home/thiago/Documents/Driven/drivent1-ref-initial/src/errors/conflict-error.ts","statementMap":{"0":{"start":{"line":4,"column":2},"end":{"line":7,"column":4}},"1":{"start":{"line":3,"column":0},"end":{"line":3,"column":16}}},"fnMap":{"0":{"name":"conflictError","decl":{"start":{"line":3,"column":16},"end":{"line":3,"column":29}},"loc":{"start":{"line":3,"column":45},"end":{"line":8,"column":1}}}},"branchMap":{},"s":{"0":0,"1":10},"f":{"0":0},"b":{}}
,"/home/thiago/Documents/Driven/drivent1-ref-initial/src/errors/index.ts": {"path":"/home/thiago/Documents/Driven/drivent1-ref-initial/src/errors/index.ts","statementMap":{"0":{"start":{"line":1,"column":0},"end":{"line":1,"column":56}},"1":{"start":{"line":2,"column":0},"end":{"line":2,"column":33}},"2":{"start":{"line":3,"column":0},"end":{"line":3,"column":37}},"3":{"start":{"line":4,"column":0},"end":{"line":4,"column":38}},"4":{"start":{"line":5,"column":0},"end":{"line":5,"column":34}},"5":{"start":{"line":6,"column":0},"end":{"line":6,"column":37}},"6":{"start":{"line":7,"column":0},"end":{"line":7,"column":32}},"7":{"start":{"line":8,"column":0},"end":{"line":8,"column":41}}},"fnMap":{},"branchMap":{},"s":{"0":10,"1":10,"2":10,"3":10,"4":10,"5":10,"6":10,"7":10},"f":{},"b":{}}
,"/home/thiago/Documents/Driven/drivent1-ref-initial/src/errors/invalid-data-error.ts": {"path":"/home/thiago/Documents/Driven/drivent1-ref-initial/src/errors/invalid-data-error.ts","statementMap":{"0":{"start":{"line":4,"column":2},"end":{"line":8,"column":4}},"1":{"start":{"line":3,"column":0},"end":{"line":3,"column":16}}},"fnMap":{"0":{"name":"invalidDataError","decl":{"start":{"line":3,"column":16},"end":{"line":3,"column":32}},"loc":{"start":{"line":3,"column":50},"end":{"line":9,"column":1}}}},"branchMap":{},"s":{"0":11,"1":10},"f":{"0":11},"b":{}}
,"/home/thiago/Documents/Driven/drivent1-ref-initial/src/errors/invalid-email-error.ts": {"path":"/home/thiago/Documents/Driven/drivent1-ref-initial/src/errors/invalid-email-error.ts","statementMap":{"0":{"start":{"line":4,"column":2},"end":{"line":8,"column":4}},"1":{"start":{"line":3,"column":0},"end":{"line":3,"column":16}}},"fnMap":{"0":{"name":"invalidEmailError","decl":{"start":{"line":3,"column":16},"end":{"line":3,"column":33}},"loc":{"start":{"line":3,"column":47},"end":{"line":9,"column":1}}}},"branchMap":{},"s":{"0":0,"1":10},"f":{"0":0},"b":{}}
,"/home/thiago/Documents/Driven/drivent1-ref-initial/src/errors/no-content-error.ts": {"path":"/home/thiago/Documents/Driven/drivent1-ref-initial/src/errors/no-content-error.ts","statementMap":{"0":{"start":{"line":4,"column":2},"end":{"line":7,"column":4}},"1":{"start":{"line":3,"column":0},"end":{"line":3,"column":16}}},"fnMap":{"0":{"name":"noContentError","decl":{"start":{"line":3,"column":16},"end":{"line":3,"column":30}},"loc":{"start":{"line":3,"column":30},"end":{"line":8,"column":1}}}},"branchMap":{},"s":{"0":0,"1":0},"f":{"0":0},"b":{}}
,"/home/thiago/Documents/Driven/drivent1-ref-initial/src/errors/not-found-error.ts": {"path":"/home/thiago/Documents/Driven/drivent1-ref-initial/src/errors/not-found-error.ts","statementMap":{"0":{"start":{"line":4,"column":2},"end":{"line":7,"column":4}},"1":{"start":{"line":3,"column":0},"end":{"line":3,"column":16}}},"fnMap":{"0":{"name":"notFoundError","decl":{"start":{"line":3,"column":16},"end":{"line":3,"column":29}},"loc":{"start":{"line":3,"column":29},"end":{"line":8,"column":1}}}},"branchMap":{},"s":{"0":14,"1":10},"f":{"0":14},"b":{}}
,"/home/thiago/Documents/Driven/drivent1-ref-initial/src/errors/payment-required-error.ts": {"path":"/home/thiago/Documents/Driven/drivent1-ref-initial/src/errors/payment-required-error.ts","statementMap":{"0":{"start":{"line":4,"column":2},"end":{"line":7,"column":4}},"1":{"start":{"line":3,"column":0},"end":{"line":3,"column":16}}},"fnMap":{"0":{"name":"paymentRequiredError","decl":{"start":{"line":3,"column":16},"end":{"line":3,"column":36}},"loc":{"start":{"line":3,"column":36},"end":{"line":8,"column":1}}}},"branchMap":{},"s":{"0":6,"1":10},"f":{"0":6},"b":{}}
,"/home/thiago/Documents/Driven/drivent1-ref-initial/src/errors/request-error.ts": {"path":"/home/thiago/Documents/Driven/drivent1-ref-initial/src/errors/request-error.ts","statementMap":{"0":{"start":{"line":4,"column":2},"end":{"line":10,"column":4}},"1":{"start":{"line":3,"column":0},"end":{"line":3,"column":16}}},"fnMap":{"0":{"name":"requestError","decl":{"start":{"line":3,"column":16},"end":{"line":3,"column":28}},"loc":{"start":{"line":3,"column":63},"end":{"line":11,"column":1}}}},"branchMap":{},"s":{"0":1,"1":10},"f":{"0":1},"b":{}}
,"/home/thiago/Documents/Driven/drivent1-ref-initial/src/errors/unauthorized-error.ts": {"path":"/home/thiago/Documents/Driven/drivent1-ref-initial/src/errors/unauthorized-error.ts","statementMap":{"0":{"start":{"line":4,"column":2},"end":{"line":7,"column":4}},"1":{"start":{"line":3,"column":0},"end":{"line":3,"column":16}}},"fnMap":{"0":{"name":"unauthorizedError","decl":{"start":{"line":3,"column":16},"end":{"line":3,"column":33}},"loc":{"start":{"line":3,"column":33},"end":{"line":8,"column":1}}}},"branchMap":{},"s":{"0":29,"1":10},"f":{"0":29},"b":{}}
,"/home/thiago/Documents/Driven/drivent1-ref-initial/src/middlewares/authentication-middleware.ts": {"path":"/home/thiago/Documents/Driven/drivent1-ref-initial/src/middlewares/authentication-middleware.ts","statementMap":{"0":{"start":{"line":2,"column":0},"end":{"line":2,"column":37}},"1":{"start":{"line":3,"column":0},"end":{"line":3,"column":36}},"2":{"start":{"line":5,"column":0},"end":{"line":5,"column":45}},"3":{"start":{"line":6,"column":0},"end":{"line":6,"column":34}},"4":{"start":{"line":9,"column":21},"end":{"line":9,"column":48}},"5":{"start":{"line":10,"column":2},"end":{"line":10,"column":60}},"6":{"start":{"line":10,"column":19},"end":{"line":10,"column":60}},"7":{"start":{"line":11,"column":16},"end":{"line":11,"column":40}},"8":{"start":{"line":12,"column":2},"end":{"line":12,"column":55}},"9":{"start":{"line":12,"column":14},"end":{"line":12,"column":55}},"10":{"start":{"line":14,"column":2},"end":{"line":29,"column":null}},"11":{"start":{"line":15,"column":23},"end":{"line":15,"column":78}},"12":{"start":{"line":17,"column":20},"end":{"line":21,"column":6}},"13":{"start":{"line":22,"column":4},"end":{"line":22,"column":59}},"14":{"start":{"line":22,"column":18},"end":{"line":22,"column":59}},"15":{"start":{"line":24,"column":4},"end":{"line":24,"column":24}},"16":{"start":{"line":26,"column":4},"end":{"line":26,"column":18}},"17":{"start":{"line":28,"column":4},"end":{"line":28,"column":45}},"18":{"start":{"line":8,"column":0},"end":{"line":8,"column":7}},"19":{"start":{"line":33,"column":2},"end":{"line":33,"column":64}}},"fnMap":{"0":{"name":"authenticateToken","decl":{"start":{"line":8,"column":22},"end":{"line":8,"column":39}},"loc":{"start":{"line":8,"column":100},"end":{"line":30,"column":1}}},"1":{"name":"generateUnauthorizedResponse","decl":{"start":{"line":32,"column":9},"end":{"line":32,"column":37}},"loc":{"start":{"line":32,"column":51},"end":{"line":34,"column":1}}}},"branchMap":{"0":{"loc":{"start":{"line":10,"column":2},"end":{"line":10,"column":60}},"type":"if","locations":[{"start":{"line":10,"column":2},"end":{"line":10,"column":60}}]},"1":{"loc":{"start":{"line":12,"column":2},"end":{"line":12,"column":55}},"type":"if","locations":[{"start":{"line":12,"column":2},"end":{"line":12,"column":55}}]},"2":{"loc":{"start":{"line":22,"column":4},"end":{"line":22,"column":59}},"type":"if","locations":[{"start":{"line":22,"column":4},"end":{"line":22,"column":59}}]}},"s":{"0":10,"1":10,"2":10,"3":10,"4":68,"5":68,"6":9,"7":59,"8":59,"9":0,"10":59,"11":59,"12":50,"13":50,"14":9,"15":41,"16":41,"17":9,"18":10,"19":27},"f":{"0":68,"1":27},"b":{"0":[9],"1":[0],"2":[9]}}
,"/home/thiago/Documents/Driven/drivent1-ref-initial/src/middlewares/error-handling-middleware.ts": {"path":"/home/thiago/Documents/Driven/drivent1-ref-initial/src/middlewares/error-handling-middleware.ts","statementMap":{"0":{"start":{"line":2,"column":0},"end":{"line":2,"column":37}},"1":{"start":{"line":12,"column":2},"end":{"line":16,"column":null}},"2":{"start":{"line":13,"column":4},"end":{"line":15,"column":7}},"3":{"start":{"line":18,"column":2},"end":{"line":22,"column":null}},"4":{"start":{"line":19,"column":4},"end":{"line":21,"column":7}},"5":{"start":{"line":24,"column":2},"end":{"line":28,"column":null}},"6":{"start":{"line":25,"column":4},"end":{"line":27,"column":7}},"7":{"start":{"line":30,"column":2},"end":{"line":34,"column":null}},"8":{"start":{"line":31,"column":4},"end":{"line":33,"column":7}},"9":{"start":{"line":36,"column":2},"end":{"line":40,"column":null}},"10":{"start":{"line":37,"column":4},"end":{"line":39,"column":7}},"11":{"start":{"line":42,"column":2},"end":{"line":46,"column":null}},"12":{"start":{"line":43,"column":4},"end":{"line":45,"column":7}},"13":{"start":{"line":50,"column":2},"end":{"line":53,"column":5}},"14":{"start":{"line":5,"column":0},"end":{"line":5,"column":16}}},"fnMap":{"0":{"name":"handleApplicationErrors","decl":{"start":{"line":5,"column":16},"end":{"line":5,"column":39}},"loc":{"start":{"line":10,"column":21},"end":{"line":54,"column":1}}}},"branchMap":{"0":{"loc":{"start":{"line":12,"column":2},"end":{"line":16,"column":null}},"type":"if","locations":[{"start":{"line":12,"column":2},"end":{"line":16,"column":null}}]},"1":{"loc":{"start":{"line":18,"column":2},"end":{"line":22,"column":null}},"type":"if","locations":[{"start":{"line":18,"column":2},"end":{"line":22,"column":null}}]},"2":{"loc":{"start":{"line":18,"column":6},"end":{"line":18,"column":73}},"type":"binary-expr","locations":[{"start":{"line":18,"column":6},"end":{"line":18,"column":34}},{"start":{"line":18,"column":38},"end":{"line":18,"column":73}}]},"3":{"loc":{"start":{"line":24,"column":2},"end":{"line":28,"column":null}},"type":"if","locations":[{"start":{"line":24,"column":2},"end":{"line":28,"column":null}}]},"4":{"loc":{"start":{"line":30,"column":2},"end":{"line":34,"column":null}},"type":"if","locations":[{"start":{"line":30,"column":2},"end":{"line":34,"column":null}}]},"5":{"loc":{"start":{"line":36,"column":2},"end":{"line":40,"column":null}},"type":"if","locations":[{"start":{"line":36,"column":2},"end":{"line":40,"column":null}}]},"6":{"loc":{"start":{"line":42,"column":2},"end":{"line":46,"column":null}},"type":"if","locations":[{"start":{"line":42,"column":2},"end":{"line":46,"column":null}}]}},"s":{"0":10,"1":19,"2":0,"3":19,"4":0,"5":19,"6":0,"7":19,"8":2,"9":17,"10":11,"11":6,"12":6,"13":0,"14":10},"f":{"0":19},"b":{"0":[0],"1":[0],"2":[19,19],"3":[0],"4":[2],"5":[11],"6":[6]}}
,"/home/thiago/Documents/Driven/drivent1-ref-initial/src/middlewares/index.ts": {"path":"/home/thiago/Documents/Driven/drivent1-ref-initial/src/middlewares/index.ts","statementMap":{"0":{"start":{"line":1,"column":0},"end":{"line":1,"column":44}},"1":{"start":{"line":2,"column":0},"end":{"line":2,"column":40}},"2":{"start":{"line":3,"column":0},"end":{"line":3,"column":44}}},"fnMap":{},"branchMap":{},"s":{"0":10,"1":10,"2":10},"f":{},"b":{}}
,"/home/thiago/Documents/Driven/drivent1-ref-initial/src/middlewares/validation-middleware.ts": {"path":"/home/thiago/Documents/Driven/drivent1-ref-initial/src/middlewares/validation-middleware.ts","statementMap":{"0":{"start":{"line":2,"column":0},"end":{"line":2,"column":37}},"1":{"start":{"line":4,"column":0},"end":{"line":4,"column":44}},"2":{"start":{"line":7,"column":2},"end":{"line":7,"column":34}},"3":{"start":{"line":6,"column":0},"end":{"line":6,"column":16}},"4":{"start":{"line":11,"column":2},"end":{"line":11,"column":35}},"5":{"start":{"line":10,"column":0},"end":{"line":10,"column":16}},"6":{"start":{"line":15,"column":2},"end":{"line":15,"column":36}},"7":{"start":{"line":14,"column":0},"end":{"line":14,"column":16}},"8":{"start":{"line":19,"column":2},"end":{"line":29,"column":4}},"9":{"start":{"line":20,"column":22},"end":{"line":22,"column":6}},"10":{"start":{"line":24,"column":4},"end":{"line":28,"column":null}},"11":{"start":{"line":25,"column":6},"end":{"line":25,"column":13}},"12":{"start":{"line":27,"column":6},"end":{"line":27,"column":101}},"13":{"start":{"line":27,"column":88},"end":{"line":27,"column":97}}},"fnMap":{"0":{"name":"validateBody","decl":{"start":{"line":6,"column":16},"end":{"line":6,"column":28}},"loc":{"start":{"line":6,"column":55},"end":{"line":8,"column":1}}},"1":{"name":"validateQuery","decl":{"start":{"line":10,"column":16},"end":{"line":10,"column":29}},"loc":{"start":{"line":10,"column":56},"end":{"line":12,"column":1}}},"2":{"name":"validateParams","decl":{"start":{"line":14,"column":16},"end":{"line":14,"column":30}},"loc":{"start":{"line":14,"column":57},"end":{"line":16,"column":1}}},"3":{"name":"validate","decl":{"start":{"line":18,"column":9},"end":{"line":18,"column":17}},"loc":{"start":{"line":18,"column":73},"end":{"line":30,"column":1}}},"4":{"name":"(anonymous_5)","decl":{"start":{"line":19,"column":9},"end":{"line":19,"column":10}},"loc":{"start":{"line":19,"column":61},"end":{"line":29,"column":3}}},"5":{"name":"(anonymous_6)","decl":{"start":{"line":27,"column":81},"end":{"line":27,"column":82}},"loc":{"start":{"line":27,"column":88},"end":{"line":27,"column":97}}}},"branchMap":{"0":{"loc":{"start":{"line":24,"column":4},"end":{"line":28,"column":null}},"type":"if","locations":[{"start":{"line":24,"column":4},"end":{"line":28,"column":null}},{"start":{"line":26,"column":11},"end":{"line":28,"column":null}}]}},"s":{"0":10,"1":10,"2":50,"3":10,"4":10,"5":10,"6":0,"7":10,"8":60,"9":35,"10":35,"11":24,"12":11,"13":27},"f":{"0":50,"1":10,"2":0,"3":60,"4":35,"5":27},"b":{"0":[24,11]}}
,"/home/thiago/Documents/Driven/drivent1-ref-initial/src/repositories/address-repository/index.ts": {"path":"/home/thiago/Documents/Driven/drivent1-ref-initial/src/repositories/address-repository/index.ts","statementMap":{"0":{"start":{"line":2,"column":0},"end":{"line":2,"column":34}},"1":{"start":{"line":5,"column":2},"end":{"line":14,"column":5}},"2":{"start":{"line":20,"column":26},"end":{"line":22,"column":2}},"3":{"start":{"line":24,"column":0},"end":{"line":24,"column":33}}},"fnMap":{"0":{"name":"upsert","decl":{"start":{"line":4,"column":15},"end":{"line":4,"column":21}},"loc":{"start":{"line":4,"column":116},"end":{"line":15,"column":1}}}},"branchMap":{},"s":{"0":10,"1":2,"2":10,"3":10},"f":{"0":2},"b":{}}
,"/home/thiago/Documents/Driven/drivent1-ref-initial/src/repositories/enrollment-repository/index.ts": {"path":"/home/thiago/Documents/Driven/drivent1-ref-initial/src/repositories/enrollment-repository/index.ts","statementMap":{"0":{"start":{"line":2,"column":0},"end":{"line":2,"column":34}},"1":{"start":{"line":5,"column":2},"end":{"line":10,"column":5}},"2":{"start":{"line":14,"column":2},"end":{"line":18,"column":5}},"3":{"start":{"line":26,"column":2},"end":{"line":32,"column":5}},"4":{"start":{"line":38,"column":29},"end":{"line":42,"column":2}},"5":{"start":{"line":44,"column":0},"end":{"line":44,"column":36}}},"fnMap":{"0":{"name":"findWithAddressByUserId","decl":{"start":{"line":4,"column":15},"end":{"line":4,"column":38}},"loc":{"start":{"line":4,"column":53},"end":{"line":11,"column":1}}},"1":{"name":"findByUserId","decl":{"start":{"line":13,"column":15},"end":{"line":13,"column":27}},"loc":{"start":{"line":13,"column":42},"end":{"line":19,"column":1}}},"2":{"name":"upsert","decl":{"start":{"line":21,"column":15},"end":{"line":21,"column":21}},"loc":{"start":{"line":24,"column":43},"end":{"line":33,"column":1}}}},"branchMap":{},"s":{"0":10,"1":2,"2":17,"3":2,"4":10,"5":10},"f":{"0":2,"1":17,"2":2},"b":{}}
,"/home/thiago/Documents/Driven/drivent1-ref-initial/src/repositories/event-repository/index.ts": {"path":"/home/thiago/Documents/Driven/drivent1-ref-initial/src/repositories/event-repository/index.ts","statementMap":{"0":{"start":{"line":1,"column":0},"end":{"line":1,"column":34}},"1":{"start":{"line":4,"column":2},"end":{"line":4,"column":34}},"2":{"start":{"line":7,"column":24},"end":{"line":9,"column":2}},"3":{"start":{"line":11,"column":0},"end":{"line":11,"column":31}}},"fnMap":{"0":{"name":"findFirst","decl":{"start":{"line":3,"column":15},"end":{"line":3,"column":24}},"loc":{"start":{"line":3,"column":24},"end":{"line":5,"column":1}}}},"branchMap":{},"s":{"0":10,"1":11,"2":10,"3":10},"f":{"0":11},"b":{}}
,"/home/thiago/Documents/Driven/drivent1-ref-initial/src/repositories/hotel-repository/index.ts": {"path":"/home/thiago/Documents/Driven/drivent1-ref-initial/src/repositories/hotel-repository/index.ts","statementMap":{"0":{"start":{"line":2,"column":0},"end":{"line":2,"column":34}},"1":{"start":{"line":5,"column":2},"end":{"line":5,"column":39}},"2":{"start":{"line":13,"column":2},"end":{"line":16,"column":5}},"3":{"start":{"line":19,"column":24},"end":{"line":22,"column":2}},"4":{"start":{"line":24,"column":0},"end":{"line":24,"column":31}}},"fnMap":{"0":{"name":"findMany","decl":{"start":{"line":4,"column":15},"end":{"line":4,"column":23}},"loc":{"start":{"line":4,"column":23},"end":{"line":6,"column":1}}},"1":{"name":"findById","decl":{"start":{"line":8,"column":15},"end":{"line":8,"column":23}},"loc":{"start":{"line":8,"column":39},"end":{"line":17,"column":1}}}},"branchMap":{},"s":{"0":10,"1":2,"2":2,"3":10,"4":10},"f":{"0":2,"1":2},"b":{}}
,"/home/thiago/Documents/Driven/drivent1-ref-initial/src/repositories/payment-repository/index.ts": {"path":"/home/thiago/Documents/Driven/drivent1-ref-initial/src/repositories/payment-repository/index.ts","statementMap":{"0":{"start":{"line":1,"column":0},"end":{"line":1,"column":55}},"1":{"start":{"line":2,"column":0},"end":{"line":2,"column":34}},"2":{"start":{"line":6,"column":2},"end":{"line":10,"column":5}},"3":{"start":{"line":14,"column":2},"end":{"line":17,"column":5}},"4":{"start":{"line":18,"column":25},"end":{"line":18,"column":74}},"5":{"start":{"line":19,"column":2},"end":{"line":26,"column":5}},"6":{"start":{"line":29,"column":26},"end":{"line":32,"column":2}},"7":{"start":{"line":34,"column":0},"end":{"line":34,"column":33}}},"fnMap":{"0":{"name":"getPayment","decl":{"start":{"line":5,"column":15},"end":{"line":5,"column":25}},"loc":{"start":{"line":5,"column":42},"end":{"line":11,"column":1}}},"1":{"name":"makePayment","decl":{"start":{"line":13,"column":15},"end":{"line":13,"column":26}},"loc":{"start":{"line":13,"column":68},"end":{"line":27,"column":1}}}},"branchMap":{},"s":{"0":10,"1":10,"2":1,"3":3,"4":3,"5":3,"6":10,"7":10},"f":{"0":1,"1":3},"b":{}}
,"/home/thiago/Documents/Driven/drivent1-ref-initial/src/repositories/session-repository/index.ts": {"path":"/home/thiago/Documents/Driven/drivent1-ref-initial/src/repositories/session-repository/index.ts","statementMap":{"0":{"start":{"line":2,"column":0},"end":{"line":2,"column":34}},"1":{"start":{"line":5,"column":2},"end":{"line":7,"column":5}},"2":{"start":{"line":10,"column":26},"end":{"line":12,"column":2}},"3":{"start":{"line":14,"column":0},"end":{"line":14,"column":33}}},"fnMap":{"0":{"name":"create","decl":{"start":{"line":4,"column":15},"end":{"line":4,"column":21}},"loc":{"start":{"line":4,"column":62},"end":{"line":8,"column":1}}}},"branchMap":{},"s":{"0":10,"1":5,"2":10,"3":10},"f":{"0":5},"b":{}}
,"/home/thiago/Documents/Driven/drivent1-ref-initial/src/repositories/ticket-repository/index.ts": {"path":"/home/thiago/Documents/Driven/drivent1-ref-initial/src/repositories/ticket-repository/index.ts","statementMap":{"0":{"start":{"line":2,"column":0},"end":{"line":2,"column":34}},"1":{"start":{"line":6,"column":2},"end":{"line":6,"column":38}},"2":{"start":{"line":10,"column":2},"end":{"line":17,"column":5}},"3":{"start":{"line":21,"column":2},"end":{"line":24,"column":5}},"4":{"start":{"line":28,"column":2},"end":{"line":31,"column":5}},"5":{"start":{"line":37,"column":6},"end":{"line":40,"column":4}},"6":{"start":{"line":41,"column":2},"end":{"line":41,"column":15}},"7":{"start":{"line":44,"column":25},"end":{"line":50,"column":2}},"8":{"start":{"line":52,"column":0},"end":{"line":52,"column":32}}},"fnMap":{"0":{"name":"findManyTicketTypes","decl":{"start":{"line":5,"column":15},"end":{"line":5,"column":34}},"loc":{"start":{"line":5,"column":34},"end":{"line":7,"column":1}}},"1":{"name":"createNewTicket","decl":{"start":{"line":9,"column":15},"end":{"line":9,"column":30}},"loc":{"start":{"line":9,"column":51},"end":{"line":18,"column":1}}},"2":{"name":"findFirstTicketByUser","decl":{"start":{"line":20,"column":15},"end":{"line":20,"column":36}},"loc":{"start":{"line":20,"column":51},"end":{"line":25,"column":1}}},"3":{"name":"findFirstTicketById","decl":{"start":{"line":27,"column":15},"end":{"line":27,"column":34}},"loc":{"start":{"line":27,"column":51},"end":{"line":32,"column":1}}},"4":{"name":"getTicketPrice","decl":{"start":{"line":34,"column":15},"end":{"line":34,"column":29}},"loc":{"start":{"line":34,"column":46},"end":{"line":42,"column":1}}}},"branchMap":{},"s":{"0":10,"1":2,"2":2,"3":15,"4":8,"5":3,"6":3,"7":10,"8":10},"f":{"0":2,"1":2,"2":15,"3":8,"4":3},"b":{}}
,"/home/thiago/Documents/Driven/drivent1-ref-initial/src/repositories/user-repository/index.ts": {"path":"/home/thiago/Documents/Driven/drivent1-ref-initial/src/repositories/user-repository/index.ts","statementMap":{"0":{"start":{"line":2,"column":0},"end":{"line":2,"column":34}},"1":{"start":{"line":5,"column":44},"end":{"line":9,"column":4}},"2":{"start":{"line":11,"column":2},"end":{"line":13,"column":null}},"3":{"start":{"line":12,"column":4},"end":{"line":12,"column":27}},"4":{"start":{"line":15,"column":2},"end":{"line":15,"column":40}},"5":{"start":{"line":19,"column":2},"end":{"line":21,"column":5}},"6":{"start":{"line":24,"column":23},"end":{"line":27,"column":2}},"7":{"start":{"line":29,"column":0},"end":{"line":29,"column":30}}},"fnMap":{"0":{"name":"findByEmail","decl":{"start":{"line":4,"column":15},"end":{"line":4,"column":26}},"loc":{"start":{"line":4,"column":68},"end":{"line":16,"column":1}}},"1":{"name":"create","decl":{"start":{"line":18,"column":15},"end":{"line":18,"column":21}},"loc":{"start":{"line":18,"column":59},"end":{"line":22,"column":1}}}},"branchMap":{"0":{"loc":{"start":{"line":11,"column":2},"end":{"line":13,"column":null}},"type":"if","locations":[{"start":{"line":11,"column":2},"end":{"line":13,"column":null}}]}},"s":{"0":10,"1":16,"2":16,"3":9,"4":16,"5":5,"6":10,"7":10},"f":{"0":16,"1":5},"b":{"0":[9]}}
,"/home/thiago/Documents/Driven/drivent1-ref-initial/src/routers/authentication-router.ts": {"path":"/home/thiago/Documents/Driven/drivent1-ref-initial/src/routers/authentication-router.ts","statementMap":{"0":{"start":{"line":1,"column":0},"end":{"line":1,"column":33}},"1":{"start":{"line":2,"column":0},"end":{"line":2,"column":43}},"2":{"start":{"line":3,"column":0},"end":{"line":3,"column":45}},"3":{"start":{"line":4,"column":0},"end":{"line":4,"column":41}},"4":{"start":{"line":6,"column":29},"end":{"line":6,"column":37}},"5":{"start":{"line":10,"column":9},"end":{"line":10,"column":29}},"6":{"start":{"line":8,"column":0},"end":{"line":8,"column":78}}},"fnMap":{},"branchMap":{},"s":{"0":10,"1":10,"2":10,"3":10,"4":10,"5":10,"6":10},"f":{},"b":{}}
,"/home/thiago/Documents/Driven/drivent1-ref-initial/src/routers/enrollments-router.ts": {"path":"/home/thiago/Documents/Driven/drivent1-ref-initial/src/routers/enrollments-router.ts","statementMap":{"0":{"start":{"line":1,"column":0},"end":{"line":1,"column":33}},"1":{"start":{"line":2,"column":0},"end":{"line":2,"column":64}},"2":{"start":{"line":3,"column":0},"end":{"line":3,"column":101}},"3":{"start":{"line":4,"column":0},"end":{"line":4,"column":51}},"4":{"start":{"line":6,"column":26},"end":{"line":6,"column":34}},"5":{"start":{"line":14,"column":9},"end":{"line":14,"column":26}},"6":{"start":{"line":8,"column":0},"end":{"line":12,"column":81}}},"fnMap":{},"branchMap":{},"s":{"0":10,"1":10,"2":10,"3":10,"4":10,"5":10,"6":10},"f":{},"b":{}}
,"/home/thiago/Documents/Driven/drivent1-ref-initial/src/routers/events-router.ts": {"path":"/home/thiago/Documents/Driven/drivent1-ref-initial/src/routers/events-router.ts","statementMap":{"0":{"start":{"line":1,"column":0},"end":{"line":1,"column":33}},"1":{"start":{"line":2,"column":0},"end":{"line":2,"column":48}},"2":{"start":{"line":4,"column":21},"end":{"line":4,"column":29}},"3":{"start":{"line":8,"column":9},"end":{"line":8,"column":21}},"4":{"start":{"line":6,"column":0},"end":{"line":6,"column":39}}},"fnMap":{},"branchMap":{},"s":{"0":10,"1":10,"2":10,"3":10,"4":10},"f":{},"b":{}}
,"/home/thiago/Documents/Driven/drivent1-ref-initial/src/routers/hotels-router.ts": {"path":"/home/thiago/Documents/Driven/drivent1-ref-initial/src/routers/hotels-router.ts","statementMap":{"0":{"start":{"line":1,"column":0},"end":{"line":1,"column":33}},"1":{"start":{"line":2,"column":0},"end":{"line":2,"column":50}},"2":{"start":{"line":3,"column":0},"end":{"line":3,"column":56}},"3":{"start":{"line":5,"column":21},"end":{"line":5,"column":29}},"4":{"start":{"line":8,"column":9},"end":{"line":8,"column":21}},"5":{"start":{"line":6,"column":0},"end":{"line":6,"column":93}}},"fnMap":{},"branchMap":{},"s":{"0":10,"1":10,"2":10,"3":10,"4":10,"5":10},"f":{},"b":{}}
,"/home/thiago/Documents/Driven/drivent1-ref-initial/src/routers/index.ts": {"path":"/home/thiago/Documents/Driven/drivent1-ref-initial/src/routers/index.ts","statementMap":{"0":{"start":{"line":1,"column":0},"end":{"line":1,"column":31}},"1":{"start":{"line":2,"column":0},"end":{"line":2,"column":40}},"2":{"start":{"line":3,"column":0},"end":{"line":3,"column":32}},"3":{"start":{"line":4,"column":0},"end":{"line":4,"column":37}},"4":{"start":{"line":5,"column":0},"end":{"line":5,"column":33}},"5":{"start":{"line":6,"column":0},"end":{"line":6,"column":34}},"6":{"start":{"line":7,"column":0},"end":{"line":7,"column":32}}},"fnMap":{},"branchMap":{},"s":{"0":10,"1":10,"2":10,"3":10,"4":10,"5":10,"6":10},"f":{},"b":{}}
,"/home/thiago/Documents/Driven/drivent1-ref-initial/src/routers/payments-router.ts": {"path":"/home/thiago/Documents/Driven/drivent1-ref-initial/src/routers/payments-router.ts","statementMap":{"0":{"start":{"line":1,"column":0},"end":{"line":1,"column":33}},"1":{"start":{"line":2,"column":0},"end":{"line":2,"column":79}},"2":{"start":{"line":3,"column":0},"end":{"line":3,"column":63}},"3":{"start":{"line":4,"column":0},"end":{"line":4,"column":56}},"4":{"start":{"line":6,"column":23},"end":{"line":6,"column":31}},"5":{"start":{"line":12,"column":9},"end":{"line":12,"column":23}},"6":{"start":{"line":7,"column":0},"end":{"line":10,"column":67}}},"fnMap":{},"branchMap":{},"s":{"0":10,"1":10,"2":10,"3":10,"4":10,"5":10,"6":10},"f":{},"b":{}}
,"/home/thiago/Documents/Driven/drivent1-ref-initial/src/routers/tickets-router.ts": {"path":"/home/thiago/Documents/Driven/drivent1-ref-initial/src/routers/tickets-router.ts","statementMap":{"0":{"start":{"line":1,"column":0},"end":{"line":1,"column":33}},"1":{"start":{"line":2,"column":0},"end":{"line":2,"column":75}},"2":{"start":{"line":3,"column":0},"end":{"line":3,"column":64}},"3":{"start":{"line":4,"column":0},"end":{"line":4,"column":47}},"4":{"start":{"line":6,"column":22},"end":{"line":6,"column":30}},"5":{"start":{"line":14,"column":9},"end":{"line":14,"column":22}},"6":{"start":{"line":8,"column":0},"end":{"line":12,"column":23}}},"fnMap":{},"branchMap":{},"s":{"0":10,"1":10,"2":10,"3":10,"4":10,"5":10,"6":10},"f":{},"b":{}}
,"/home/thiago/Documents/Driven/drivent1-ref-initial/src/routers/users-router.ts": {"path":"/home/thiago/Documents/Driven/drivent1-ref-initial/src/routers/users-router.ts","statementMap":{"0":{"start":{"line":1,"column":0},"end":{"line":1,"column":33}},"1":{"start":{"line":3,"column":0},"end":{"line":3,"column":45}},"2":{"start":{"line":4,"column":0},"end":{"line":4,"column":45}},"3":{"start":{"line":5,"column":0},"end":{"line":5,"column":42}},"4":{"start":{"line":7,"column":20},"end":{"line":7,"column":28}},"5":{"start":{"line":11,"column":9},"end":{"line":11,"column":20}},"6":{"start":{"line":9,"column":0},"end":{"line":9,"column":65}}},"fnMap":{},"branchMap":{},"s":{"0":10,"1":10,"2":10,"3":10,"4":10,"5":10,"6":10},"f":{},"b":{}}
,"/home/thiago/Documents/Driven/drivent1-ref-initial/src/schemas/authentication-schemas.ts": {"path":"/home/thiago/Documents/Driven/drivent1-ref-initial/src/schemas/authentication-schemas.ts","statementMap":{"0":{"start":{"line":1,"column":0},"end":{"line":1,"column":22}},"1":{"start":{"line":4,"column":13},"end":{"line":7,"column":3}}},"fnMap":{},"branchMap":{},"s":{"0":13,"1":13},"f":{},"b":{}}
,"/home/thiago/Documents/Driven/drivent1-ref-initial/src/schemas/enrollments-schemas.ts": {"path":"/home/thiago/Documents/Driven/drivent1-ref-initial/src/schemas/enrollments-schemas.ts","statementMap":{"0":{"start":{"line":1,"column":0},"end":{"line":1,"column":105}},"1":{"start":{"line":2,"column":0},"end":{"line":2,"column":22}},"2":{"start":{"line":5,"column":28},"end":{"line":5,"column":87}},"3":{"start":{"line":7,"column":28},"end":{"line":7,"column":86}},"4":{"start":{"line":9,"column":36},"end":{"line":9,"column":108}},"5":{"start":{"line":11,"column":13},"end":{"line":28,"column":3}},"6":{"start":{"line":23,"column":39},"end":{"line":23,"column":45}},"7":{"start":{"line":31,"column":2},"end":{"line":31,"column":27}},"8":{"start":{"line":31,"column":14},"end":{"line":31,"column":27}},"9":{"start":{"line":33,"column":2},"end":{"line":35,"column":null}},"10":{"start":{"line":34,"column":4},"end":{"line":34,"column":40}},"11":{"start":{"line":37,"column":2},"end":{"line":37,"column":15}},"12":{"start":{"line":41,"column":2},"end":{"line":41,"column":27}},"13":{"start":{"line":41,"column":14},"end":{"line":41,"column":27}},"14":{"start":{"line":43,"column":2},"end":{"line":45,"column":null}},"15":{"start":{"line":44,"column":4},"end":{"line":44,"column":40}},"16":{"start":{"line":47,"column":2},"end":{"line":47,"column":15}},"17":{"start":{"line":51,"column":2},"end":{"line":51,"column":27}},"18":{"start":{"line":51,"column":14},"end":{"line":51,"column":27}},"19":{"start":{"line":53,"column":2},"end":{"line":55,"column":null}},"20":{"start":{"line":54,"column":4},"end":{"line":54,"column":40}},"21":{"start":{"line":57,"column":2},"end":{"line":57,"column":15}}},"fnMap":{"0":{"name":"(anonymous_1)","decl":{"start":{"line":23,"column":32},"end":{"line":23,"column":33}},"loc":{"start":{"line":23,"column":39},"end":{"line":23,"column":45}}},"1":{"name":"joiCpfValidation","decl":{"start":{"line":30,"column":9},"end":{"line":30,"column":25}},"loc":{"start":{"line":30,"column":75},"end":{"line":38,"column":1}}},"2":{"name":"JoiCepValidation","decl":{"start":{"line":40,"column":9},"end":{"line":40,"column":25}},"loc":{"start":{"line":40,"column":75},"end":{"line":48,"column":1}}},"3":{"name":"joiMobilePhoneValidation","decl":{"start":{"line":50,"column":9},"end":{"line":50,"column":33}},"loc":{"start":{"line":50,"column":83},"end":{"line":58,"column":1}}}},"branchMap":{"0":{"loc":{"start":{"line":31,"column":2},"end":{"line":31,"column":27}},"type":"if","locations":[{"start":{"line":31,"column":2},"end":{"line":31,"column":27}}]},"1":{"loc":{"start":{"line":33,"column":2},"end":{"line":35,"column":null}},"type":"if","locations":[{"start":{"line":33,"column":2},"end":{"line":35,"column":null}}]},"2":{"loc":{"start":{"line":41,"column":2},"end":{"line":41,"column":27}},"type":"if","locations":[{"start":{"line":41,"column":2},"end":{"line":41,"column":27}}]},"3":{"loc":{"start":{"line":43,"column":2},"end":{"line":45,"column":null}},"type":"if","locations":[{"start":{"line":43,"column":2},"end":{"line":45,"column":null}}]},"4":{"loc":{"start":{"line":51,"column":2},"end":{"line":51,"column":27}},"type":"if","locations":[{"start":{"line":51,"column":2},"end":{"line":51,"column":27}}]},"5":{"loc":{"start":{"line":53,"column":2},"end":{"line":55,"column":null}},"type":"if","locations":[{"start":{"line":53,"column":2},"end":{"line":55,"column":null}}]}},"s":{"0":13,"1":13,"2":13,"3":13,"4":13,"5":13,"6":351,"7":29,"8":0,"9":29,"10":1,"11":28,"12":19,"13":0,"14":19,"15":1,"16":18,"17":23,"18":0,"19":23,"20":0,"21":23},"f":{"0":351,"1":29,"2":19,"3":23},"b":{"0":[0],"1":[1],"2":[0],"3":[1],"4":[0],"5":[0]}}
,"/home/thiago/Documents/Driven/drivent1-ref-initial/src/schemas/index.ts": {"path":"/home/thiago/Documents/Driven/drivent1-ref-initial/src/schemas/index.ts","statementMap":{"0":{"start":{"line":1,"column":0},"end":{"line":1,"column":32}},"1":{"start":{"line":2,"column":0},"end":{"line":2,"column":41}},"2":{"start":{"line":3,"column":0},"end":{"line":3,"column":38}},"3":{"start":{"line":4,"column":0},"end":{"line":4,"column":33}},"4":{"start":{"line":5,"column":0},"end":{"line":5,"column":34}}},"fnMap":{},"branchMap":{},"s":{"0":13,"1":13,"2":13,"3":13,"4":13},"f":{},"b":{}}
,"/home/thiago/Documents/Driven/drivent1-ref-initial/src/schemas/payment-schemas.ts": {"path":"/home/thiago/Documents/Driven/drivent1-ref-initial/src/schemas/payment-schemas.ts","statementMap":{"0":{"start":{"line":1,"column":0},"end":{"line":1,"column":22}},"1":{"start":{"line":4,"column":13},"end":{"line":13,"column":3}}},"fnMap":{},"branchMap":{},"s":{"0":13,"1":13},"f":{},"b":{}}
,"/home/thiago/Documents/Driven/drivent1-ref-initial/src/schemas/ticket-schemas.ts": {"path":"/home/thiago/Documents/Driven/drivent1-ref-initial/src/schemas/ticket-schemas.ts","statementMap":{"0":{"start":{"line":1,"column":0},"end":{"line":1,"column":22}},"1":{"start":{"line":5,"column":13},"end":{"line":7,"column":3}},"2":{"start":{"line":9,"column":13},"end":{"line":11,"column":3}},"3":{"start":{"line":13,"column":13},"end":{"line":20,"column":3}}},"fnMap":{},"branchMap":{},"s":{"0":13,"1":13,"2":13,"3":13},"f":{},"b":{}}
,"/home/thiago/Documents/Driven/drivent1-ref-initial/src/schemas/users-schemas.ts": {"path":"/home/thiago/Documents/Driven/drivent1-ref-initial/src/schemas/users-schemas.ts","statementMap":{"0":{"start":{"line":1,"column":0},"end":{"line":1,"column":22}},"1":{"start":{"line":4,"column":13},"end":{"line":7,"column":3}}},"fnMap":{},"branchMap":{},"s":{"0":13,"1":13},"f":{},"b":{}}
,"/home/thiago/Documents/Driven/drivent1-ref-initial/src/services/index.ts": {"path":"/home/thiago/Documents/Driven/drivent1-ref-initial/src/services/index.ts","statementMap":{"0":{"start":{"line":1,"column":0},"end":{"line":1,"column":32}},"1":{"start":{"line":2,"column":0},"end":{"line":2,"column":41}},"2":{"start":{"line":3,"column":0},"end":{"line":3,"column":33}},"3":{"start":{"line":4,"column":0},"end":{"line":4,"column":38}}},"fnMap":{},"branchMap":{},"s":{"0":0,"1":0,"2":0,"3":0},"f":{},"b":{}}
,"/home/thiago/Documents/Driven/drivent1-ref-initial/src/services/authentication-service/errors.ts": {"path":"/home/thiago/Documents/Driven/drivent1-ref-initial/src/services/authentication-service/errors.ts","statementMap":{"0":{"start":{"line":4,"column":2},"end":{"line":7,"column":4}},"1":{"start":{"line":3,"column":0},"end":{"line":3,"column":16}}},"fnMap":{"0":{"name":"invalidCredentialsError","decl":{"start":{"line":3,"column":16},"end":{"line":3,"column":39}},"loc":{"start":{"line":3,"column":39},"end":{"line":8,"column":1}}}},"branchMap":{},"s":{"0":6,"1":10},"f":{"0":6},"b":{}}
,"/home/thiago/Documents/Driven/drivent1-ref-initial/src/services/authentication-service/index.ts": {"path":"/home/thiago/Documents/Driven/drivent1-ref-initial/src/services/authentication-service/index.ts","statementMap":{"0":{"start":{"line":2,"column":0},"end":{"line":2,"column":28}},"1":{"start":{"line":3,"column":0},"end":{"line":3,"column":31}},"2":{"start":{"line":4,"column":0},"end":{"line":4,"column":51}},"3":{"start":{"line":5,"column":0},"end":{"line":5,"column":47}},"4":{"start":{"line":6,"column":0},"end":{"line":6,"column":60}},"5":{"start":{"line":7,"column":0},"end":{"line":7,"column":66}},"6":{"start":{"line":10,"column":30},"end":{"line":10,"column":36}},"7":{"start":{"line":12,"column":15},"end":{"line":12,"column":41}},"8":{"start":{"line":14,"column":2},"end":{"line":14,"column":56}},"9":{"start":{"line":16,"column":16},"end":{"line":16,"column":44}},"10":{"start":{"line":18,"column":2},"end":{"line":21,"column":4}},"11":{"start":{"line":25,"column":15},"end":{"line":25,"column":97}},"12":{"start":{"line":26,"column":2},"end":{"line":26,"column":45}},"13":{"start":{"line":26,"column":13},"end":{"line":26,"column":45}},"14":{"start":{"line":28,"column":2},"end":{"line":28,"column":14}},"15":{"start":{"line":32,"column":16},"end":{"line":32,"column":60}},"16":{"start":{"line":33,"column":2},"end":{"line":36,"column":5}},"17":{"start":{"line":38,"column":2},"end":{"line":38,"column":15}},"18":{"start":{"line":42,"column":26},"end":{"line":42,"column":70}},"19":{"start":{"line":43,"column":2},"end":{"line":43,"column":56}},"20":{"start":{"line":43,"column":24},"end":{"line":43,"column":56}},"21":{"start":{"line":55,"column":30},"end":{"line":57,"column":2}},"22":{"start":{"line":59,"column":0},"end":{"line":59,"column":37}},"23":{"start":{"line":60,"column":0},"end":{"line":60,"column":25}}},"fnMap":{"0":{"name":"signIn","decl":{"start":{"line":9,"column":15},"end":{"line":9,"column":21}},"loc":{"start":{"line":9,"column":42},"end":{"line":22,"column":1}}},"1":{"name":"getUserOrFail","decl":{"start":{"line":24,"column":15},"end":{"line":24,"column":28}},"loc":{"start":{"line":24,"column":42},"end":{"line":29,"column":1}}},"2":{"name":"createSession","decl":{"start":{"line":31,"column":15},"end":{"line":31,"column":28}},"loc":{"start":{"line":31,"column":43},"end":{"line":39,"column":1}}},"3":{"name":"validatePasswordOrFail","decl":{"start":{"line":41,"column":15},"end":{"line":41,"column":37}},"loc":{"start":{"line":41,"column":76},"end":{"line":44,"column":1}}}},"branchMap":{"0":{"loc":{"start":{"line":26,"column":2},"end":{"line":26,"column":45}},"type":"if","locations":[{"start":{"line":26,"column":2},"end":{"line":26,"column":45}}]},"1":{"loc":{"start":{"line":43,"column":2},"end":{"line":43,"column":56}},"type":"if","locations":[{"start":{"line":43,"column":2},"end":{"line":43,"column":56}}]}},"s":{"0":10,"1":10,"2":10,"3":10,"4":10,"5":10,"6":9,"7":9,"8":7,"9":5,"10":5,"11":9,"12":9,"13":2,"14":7,"15":5,"16":5,"17":5,"18":7,"19":7,"20":2,"21":10,"22":10,"23":10},"f":{"0":9,"1":9,"2":5,"3":7},"b":{"0":[2],"1":[2]}}
,"/home/thiago/Documents/Driven/drivent1-ref-initial/src/services/enrollments-service/index.ts": {"path":"/home/thiago/Documents/Driven/drivent1-ref-initial/src/services/enrollments-service/index.ts","statementMap":{"0":{"start":{"line":2,"column":0},"end":{"line":2,"column":42}},"1":{"start":{"line":3,"column":0},"end":{"line":3,"column":59}},"2":{"start":{"line":4,"column":0},"end":{"line":4,"column":91}},"3":{"start":{"line":5,"column":0},"end":{"line":5,"column":100}},"4":{"start":{"line":6,"column":0},"end":{"line":6,"column":47}},"5":{"start":{"line":10,"column":17},"end":{"line":10,"column":77}},"6":{"start":{"line":12,"column":2},"end":{"line":14,"column":null}},"7":{"start":{"line":13,"column":4},"end":{"line":13,"column":26}},"8":{"start":{"line":16,"column":62},"end":{"line":16,"column":73}},"9":{"start":{"line":18,"column":37},"end":{"line":24,"column":4}},"10":{"start":{"line":26,"column":2},"end":{"line":26,"column":17}},"11":{"start":{"line":30,"column":32},"end":{"line":30,"column":90}},"12":{"start":{"line":32,"column":2},"end":{"line":32,"column":52}},"13":{"start":{"line":32,"column":30},"end":{"line":32,"column":52}},"14":{"start":{"line":34,"column":25},"end":{"line":34,"column":54}},"15":{"start":{"line":35,"column":18},"end":{"line":35,"column":47}},"16":{"start":{"line":37,"column":2},"end":{"line":40,"column":4}},"17":{"start":{"line":46,"column":2},"end":{"line":46,"column":33}},"18":{"start":{"line":46,"column":21},"end":{"line":46,"column":33}},"19":{"start":{"line":48,"column":2},"end":{"line":48,"column":73}},"20":{"start":{"line":54,"column":21},"end":{"line":54,"column":47}},"21":{"start":{"line":55,"column":18},"end":{"line":55,"column":53}},"22":{"start":{"line":57,"column":2},"end":{"line":61,"column":null}},"23":{"start":{"line":58,"column":4},"end":{"line":58,"column":41}},"24":{"start":{"line":60,"column":4},"end":{"line":60,"column":44}},"25":{"start":{"line":63,"column":24},"end":{"line":63,"column":115}},"26":{"start":{"line":65,"column":2},"end":{"line":65,"column":69}},"27":{"start":{"line":69,"column":2},"end":{"line":72,"column":4}},"28":{"start":{"line":79,"column":27},"end":{"line":83,"column":2}},"29":{"start":{"line":85,"column":0},"end":{"line":85,"column":34}}},"fnMap":{"0":{"name":"getAddressFromCEP","decl":{"start":{"line":9,"column":15},"end":{"line":9,"column":32}},"loc":{"start":{"line":9,"column":44},"end":{"line":27,"column":1}}},"1":{"name":"getOneWithAddressByUserId","decl":{"start":{"line":29,"column":15},"end":{"line":29,"column":40}},"loc":{"start":{"line":29,"column":55},"end":{"line":41,"column":1}}},"2":{"name":"getFirstAddress","decl":{"start":{"line":45,"column":9},"end":{"line":45,"column":24}},"loc":{"start":{"line":45,"column":46},"end":{"line":49,"column":1}}},"3":{"name":"createOrUpdateEnrollmentWithAddress","decl":{"start":{"line":53,"column":15},"end":{"line":53,"column":50}},"loc":{"start":{"line":53,"column":94},"end":{"line":66,"column":1}}},"4":{"name":"getAddressForUpsert","decl":{"start":{"line":68,"column":9},"end":{"line":68,"column":28}},"loc":{"start":{"line":68,"column":57},"end":{"line":73,"column":1}}}},"branchMap":{"0":{"loc":{"start":{"line":12,"column":2},"end":{"line":14,"column":null}},"type":"if","locations":[{"start":{"line":12,"column":2},"end":{"line":14,"column":null}}]},"1":{"loc":{"start":{"line":12,"column":6},"end":{"line":12,"column":38}},"type":"binary-expr","locations":[{"start":{"line":12,"column":6},"end":{"line":12,"column":18}},{"start":{"line":12,"column":22},"end":{"line":12,"column":38}}]},"2":{"loc":{"start":{"line":32,"column":2},"end":{"line":32,"column":52}},"type":"if","locations":[{"start":{"line":32,"column":2},"end":{"line":32,"column":52}}]},"3":{"loc":{"start":{"line":39,"column":8},"end":{"line":39,"column":32}},"type":"binary-expr","locations":[{"start":{"line":39,"column":8},"end":{"line":39,"column":17}},{"start":{"line":39,"column":21},"end":{"line":39,"column":32}}]},"4":{"loc":{"start":{"line":46,"column":2},"end":{"line":46,"column":33}},"type":"if","locations":[{"start":{"line":46,"column":2},"end":{"line":46,"column":33}}]},"5":{"loc":{"start":{"line":71,"column":8},"end":{"line":71,"column":74}},"type":"binary-expr","locations":[{"start":{"line":71,"column":8},"end":{"line":71,"column":30}},{"start":{"line":71,"column":34},"end":{"line":71,"column":74}}]}},"s":{"0":10,"1":10,"2":10,"3":10,"4":10,"5":4,"6":4,"7":1,"8":3,"9":3,"10":3,"11":2,"12":2,"13":1,"14":1,"15":1,"16":1,"17":1,"18":0,"19":1,"20":2,"21":2,"22":2,"23":2,"24":0,"25":2,"26":2,"27":2,"28":10,"29":10},"f":{"0":4,"1":2,"2":1,"3":2,"4":2},"b":{"0":[1],"1":[4,3],"2":[1],"3":[1,1],"4":[0],"5":[2,2]}}
,"/home/thiago/Documents/Driven/drivent1-ref-initial/src/services/events-service/index.ts": {"path":"/home/thiago/Documents/Driven/drivent1-ref-initial/src/services/events-service/index.ts","statementMap":{"0":{"start":{"line":2,"column":0},"end":{"line":2,"column":26}},"1":{"start":{"line":3,"column":0},"end":{"line":3,"column":41}},"2":{"start":{"line":4,"column":0},"end":{"line":4,"column":62}},"3":{"start":{"line":5,"column":0},"end":{"line":5,"column":47}},"4":{"start":{"line":8,"column":16},"end":{"line":8,"column":49}},"5":{"start":{"line":9,"column":2},"end":{"line":9,"column":36}},"6":{"start":{"line":9,"column":14},"end":{"line":9,"column":36}},"7":{"start":{"line":11,"column":2},"end":{"line":11,"column":50}},"8":{"start":{"line":17,"column":16},"end":{"line":17,"column":49}},"9":{"start":{"line":18,"column":2},"end":{"line":18,"column":27}},"10":{"start":{"line":18,"column":14},"end":{"line":18,"column":27}},"11":{"start":{"line":20,"column":14},"end":{"line":20,"column":21}},"12":{"start":{"line":21,"column":24},"end":{"line":21,"column":45}},"13":{"start":{"line":22,"column":22},"end":{"line":22,"column":41}},"14":{"start":{"line":24,"column":2},"end":{"line":24,"column":65}},"15":{"start":{"line":27,"column":22},"end":{"line":30,"column":2}},"16":{"start":{"line":32,"column":0},"end":{"line":32,"column":29}}},"fnMap":{"0":{"name":"getFirstEvent","decl":{"start":{"line":7,"column":15},"end":{"line":7,"column":28}},"loc":{"start":{"line":7,"column":28},"end":{"line":12,"column":1}}},"1":{"name":"isCurrentEventActive","decl":{"start":{"line":16,"column":15},"end":{"line":16,"column":35}},"loc":{"start":{"line":16,"column":35},"end":{"line":25,"column":1}}}},"branchMap":{"0":{"loc":{"start":{"line":9,"column":2},"end":{"line":9,"column":36}},"type":"if","locations":[{"start":{"line":9,"column":2},"end":{"line":9,"column":36}}]},"1":{"loc":{"start":{"line":18,"column":2},"end":{"line":18,"column":27}},"type":"if","locations":[{"start":{"line":18,"column":2},"end":{"line":18,"column":27}}]},"2":{"loc":{"start":{"line":24,"column":9},"end":{"line":24,"column":64}},"type":"binary-expr","locations":[{"start":{"line":24,"column":9},"end":{"line":24,"column":35}},{"start":{"line":24,"column":39},"end":{"line":24,"column":64}}]}},"s":{"0":10,"1":10,"2":10,"3":10,"4":2,"5":2,"6":1,"7":1,"8":9,"9":9,"10":1,"11":8,"12":8,"13":8,"14":8,"15":10,"16":10},"f":{"0":2,"1":9},"b":{"0":[1],"1":[1],"2":[8,7]}}
,"/home/thiago/Documents/Driven/drivent1-ref-initial/src/services/hotel-service/index.ts": {"path":"/home/thiago/Documents/Driven/drivent1-ref-initial/src/services/hotel-service/index.ts","statementMap":{"0":{"start":{"line":1,"column":0},"end":{"line":1,"column":63}},"1":{"start":{"line":2,"column":0},"end":{"line":2,"column":72}},"2":{"start":{"line":3,"column":0},"end":{"line":3,"column":62}},"3":{"start":{"line":4,"column":0},"end":{"line":4,"column":64}},"4":{"start":{"line":8,"column":24},"end":{"line":8,"column":71}},"5":{"start":{"line":9,"column":2},"end":{"line":9,"column":44}},"6":{"start":{"line":9,"column":22},"end":{"line":9,"column":44}},"7":{"start":{"line":10,"column":20},"end":{"line":10,"column":72}},"8":{"start":{"line":11,"column":2},"end":{"line":11,"column":40}},"9":{"start":{"line":11,"column":18},"end":{"line":11,"column":40}},"10":{"start":{"line":13,"column":2},"end":{"line":15,"column":null}},"11":{"start":{"line":14,"column":4},"end":{"line":14,"column":33}},"12":{"start":{"line":19,"column":2},"end":{"line":19,"column":37}},"13":{"start":{"line":20,"column":17},"end":{"line":20,"column":49}},"14":{"start":{"line":21,"column":2},"end":{"line":21,"column":49}},"15":{"start":{"line":21,"column":27},"end":{"line":21,"column":49}},"16":{"start":{"line":22,"column":2},"end":{"line":22,"column":16}},"17":{"start":{"line":26,"column":2},"end":{"line":26,"column":37}},"18":{"start":{"line":27,"column":16},"end":{"line":27,"column":55}},"19":{"start":{"line":28,"column":2},"end":{"line":28,"column":36}},"20":{"start":{"line":28,"column":14},"end":{"line":28,"column":36}},"21":{"start":{"line":29,"column":2},"end":{"line":29,"column":15}},"22":{"start":{"line":32,"column":22},"end":{"line":35,"column":2}},"23":{"start":{"line":37,"column":0},"end":{"line":37,"column":29}}},"fnMap":{"0":{"name":"validateHotelRequest","decl":{"start":{"line":6,"column":15},"end":{"line":6,"column":35}},"loc":{"start":{"line":6,"column":50},"end":{"line":16,"column":1}}},"1":{"name":"getHotels","decl":{"start":{"line":18,"column":15},"end":{"line":18,"column":24}},"loc":{"start":{"line":18,"column":39},"end":{"line":23,"column":1}}},"2":{"name":"getHotelbyId","decl":{"start":{"line":25,"column":15},"end":{"line":25,"column":27}},"loc":{"start":{"line":25,"column":59},"end":{"line":30,"column":1}}}},"branchMap":{"0":{"loc":{"start":{"line":9,"column":2},"end":{"line":9,"column":44}},"type":"if","locations":[{"start":{"line":9,"column":2},"end":{"line":9,"column":44}}]},"1":{"loc":{"start":{"line":11,"column":2},"end":{"line":11,"column":40}},"type":"if","locations":[{"start":{"line":11,"column":2},"end":{"line":11,"column":40}}]},"2":{"loc":{"start":{"line":13,"column":2},"end":{"line":15,"column":null}},"type":"if","locations":[{"start":{"line":13,"column":2},"end":{"line":15,"column":null}}]},"3":{"loc":{"start":{"line":13,"column":6},"end":{"line":13,"column":105}},"type":"binary-expr","locations":[{"start":{"line":13,"column":6},"end":{"line":13,"column":35}},{"start":{"line":13,"column":39},"end":{"line":13,"column":74}},{"start":{"line":13,"column":78},"end":{"line":13,"column":105}}]},"4":{"loc":{"start":{"line":21,"column":2},"end":{"line":21,"column":49}},"type":"if","locations":[{"start":{"line":21,"column":2},"end":{"line":21,"column":49}}]},"5":{"loc":{"start":{"line":28,"column":2},"end":{"line":28,"column":36}},"type":"if","locations":[{"start":{"line":28,"column":2},"end":{"line":28,"column":36}}]}},"s":{"0":10,"1":10,"2":10,"3":10,"4":14,"5":14,"6":2,"7":12,"8":12,"9":2,"10":10,"11":6,"12":7,"13":2,"14":2,"15":1,"16":1,"17":7,"18":2,"19":2,"20":1,"21":1,"22":10,"23":10},"f":{"0":14,"1":7,"2":7},"b":{"0":[2],"1":[2],"2":[6],"3":[10,8,6],"4":[1],"5":[1]}}
,"/home/thiago/Documents/Driven/drivent1-ref-initial/src/services/payments-service/index.ts": {"path":"/home/thiago/Documents/Driven/drivent1-ref-initial/src/services/payments-service/index.ts","statementMap":{"0":{"start":{"line":1,"column":0},"end":{"line":1,"column":60}},"1":{"start":{"line":3,"column":0},"end":{"line":3,"column":66}},"2":{"start":{"line":4,"column":0},"end":{"line":4,"column":64}},"3":{"start":{"line":7,"column":2},"end":{"line":7,"column":41}},"4":{"start":{"line":8,"column":18},"end":{"line":8,"column":62}},"5":{"start":{"line":10,"column":2},"end":{"line":10,"column":38}},"6":{"start":{"line":10,"column":16},"end":{"line":10,"column":38}},"7":{"start":{"line":12,"column":2},"end":{"line":12,"column":17}},"8":{"start":{"line":16,"column":2},"end":{"line":16,"column":54}},"9":{"start":{"line":18,"column":16},"end":{"line":18,"column":76}},"10":{"start":{"line":19,"column":24},"end":{"line":19,"column":80}},"11":{"start":{"line":21,"column":2},"end":{"line":21,"column":23}},"12":{"start":{"line":25,"column":17},"end":{"line":25,"column":69}},"13":{"start":{"line":26,"column":2},"end":{"line":27,"column":74}},"14":{"start":{"line":26,"column":15},"end":{"line":26,"column":37}},"15":{"start":{"line":27,"column":7},"end":{"line":27,"column":74}},"16":{"start":{"line":27,"column":48},"end":{"line":27,"column":74}},"17":{"start":{"line":30,"column":24},"end":{"line":33,"column":2}},"18":{"start":{"line":35,"column":0},"end":{"line":35,"column":31}}},"fnMap":{"0":{"name":"getPayment","decl":{"start":{"line":6,"column":15},"end":{"line":6,"column":25}},"loc":{"start":{"line":6,"column":58},"end":{"line":13,"column":1}}},"1":{"name":"makePayment","decl":{"start":{"line":15,"column":15},"end":{"line":15,"column":26}},"loc":{"start":{"line":15,"column":69},"end":{"line":22,"column":1}}},"2":{"name":"validateTicket","decl":{"start":{"line":24,"column":15},"end":{"line":24,"column":29}},"loc":{"start":{"line":24,"column":62},"end":{"line":28,"column":1}}}},"branchMap":{"0":{"loc":{"start":{"line":10,"column":2},"end":{"line":10,"column":38}},"type":"if","locations":[{"start":{"line":10,"column":2},"end":{"line":10,"column":38}}]},"1":{"loc":{"start":{"line":26,"column":2},"end":{"line":27,"column":74}},"type":"if","locations":[{"start":{"line":26,"column":2},"end":{"line":27,"column":74}},{"start":{"line":27,"column":7},"end":{"line":27,"column":74}}]},"2":{"loc":{"start":{"line":27,"column":7},"end":{"line":27,"column":74}},"type":"if","locations":[{"start":{"line":27,"column":7},"end":{"line":27,"column":74}}]}},"s":{"0":10,"1":10,"2":10,"3":3,"4":1,"5":1,"6":0,"7":1,"8":5,"9":3,"10":3,"11":3,"12":8,"13":8,"14":2,"15":6,"16":2,"17":10,"18":10},"f":{"0":3,"1":5,"2":8},"b":{"0":[0],"1":[2,6],"2":[2]}}
,"/home/thiago/Documents/Driven/drivent1-ref-initial/src/services/tickets-service/index.ts": {"path":"/home/thiago/Documents/Driven/drivent1-ref-initial/src/services/tickets-service/index.ts","statementMap":{"0":{"start":{"line":1,"column":0},"end":{"line":1,"column":46}},"1":{"start":{"line":2,"column":0},"end":{"line":2,"column":41}},"2":{"start":{"line":3,"column":0},"end":{"line":3,"column":72}},"3":{"start":{"line":4,"column":0},"end":{"line":4,"column":64}},"4":{"start":{"line":8,"column":23},"end":{"line":8,"column":67}},"5":{"start":{"line":9,"column":2},"end":{"line":9,"column":43}},"6":{"start":{"line":9,"column":21},"end":{"line":9,"column":43}},"7":{"start":{"line":10,"column":2},"end":{"line":10,"column":22}},"8":{"start":{"line":14,"column":21},"end":{"line":14,"column":68}},"9":{"start":{"line":15,"column":2},"end":{"line":17,"column":null}},"10":{"start":{"line":16,"column":4},"end":{"line":16,"column":26}},"11":{"start":{"line":19,"column":35},"end":{"line":19,"column":111}},"12":{"start":{"line":21,"column":20},"end":{"line":21,"column":70}},"13":{"start":{"line":22,"column":2},"end":{"line":22,"column":19}},"14":{"start":{"line":26,"column":18},"end":{"line":26,"column":70}},"15":{"start":{"line":27,"column":2},"end":{"line":27,"column":38}},"16":{"start":{"line":27,"column":16},"end":{"line":27,"column":38}},"17":{"start":{"line":28,"column":2},"end":{"line":28,"column":17}},"18":{"start":{"line":31,"column":23},"end":{"line":35,"column":2}},"19":{"start":{"line":37,"column":0},"end":{"line":37,"column":30}}},"fnMap":{"0":{"name":"getTicketTypes","decl":{"start":{"line":7,"column":15},"end":{"line":7,"column":29}},"loc":{"start":{"line":7,"column":29},"end":{"line":11,"column":1}}},"1":{"name":"createNewTicket","decl":{"start":{"line":13,"column":15},"end":{"line":13,"column":30}},"loc":{"start":{"line":13,"column":67},"end":{"line":23,"column":1}}},"2":{"name":"getTicket","decl":{"start":{"line":25,"column":15},"end":{"line":25,"column":24}},"loc":{"start":{"line":25,"column":39},"end":{"line":29,"column":1}}}},"branchMap":{"0":{"loc":{"start":{"line":9,"column":2},"end":{"line":9,"column":43}},"type":"if","locations":[{"start":{"line":9,"column":2},"end":{"line":9,"column":43}}]},"1":{"loc":{"start":{"line":15,"column":2},"end":{"line":17,"column":null}},"type":"if","locations":[{"start":{"line":15,"column":2},"end":{"line":17,"column":null}}]},"2":{"loc":{"start":{"line":27,"column":2},"end":{"line":27,"column":38}},"type":"if","locations":[{"start":{"line":27,"column":2},"end":{"line":27,"column":38}}]}},"s":{"0":10,"1":10,"2":10,"3":10,"4":2,"5":2,"6":0,"7":2,"8":3,"9":3,"10":1,"11":2,"12":2,"13":2,"14":3,"15":3,"16":2,"17":1,"18":10,"19":10},"f":{"0":2,"1":3,"2":3},"b":{"0":[0],"1":[1],"2":[2]}}
,"/home/thiago/Documents/Driven/drivent1-ref-initial/src/services/users-service/errors.ts": {"path":"/home/thiago/Documents/Driven/drivent1-ref-initial/src/services/users-service/errors.ts","statementMap":{"0":{"start":{"line":4,"column":2},"end":{"line":7,"column":4}},"1":{"start":{"line":3,"column":0},"end":{"line":3,"column":16}}},"fnMap":{"0":{"name":"duplicatedEmailError","decl":{"start":{"line":3,"column":16},"end":{"line":3,"column":36}},"loc":{"start":{"line":3,"column":36},"end":{"line":8,"column":1}}}},"branchMap":{},"s":{"0":4,"1":10},"f":{"0":4},"b":{}}
,"/home/thiago/Documents/Driven/drivent1-ref-initial/src/services/users-service/index.ts": {"path":"/home/thiago/Documents/Driven/drivent1-ref-initial/src/services/users-service/index.ts","statementMap":{"0":{"start":{"line":2,"column":0},"end":{"line":2,"column":28}},"1":{"start":{"line":3,"column":0},"end":{"line":3,"column":46}},"2":{"start":{"line":4,"column":0},"end":{"line":4,"column":48}},"3":{"start":{"line":5,"column":0},"end":{"line":5,"column":60}},"4":{"start":{"line":6,"column":0},"end":{"line":6,"column":60}},"5":{"start":{"line":9,"column":2},"end":{"line":9,"column":26}},"6":{"start":{"line":11,"column":2},"end":{"line":11,"column":41}},"7":{"start":{"line":13,"column":25},"end":{"line":13,"column":56}},"8":{"start":{"line":14,"column":2},"end":{"line":17,"column":5}},"9":{"start":{"line":8,"column":0},"end":{"line":8,"column":7}},"10":{"start":{"line":21,"column":28},"end":{"line":21,"column":67}},"11":{"start":{"line":22,"column":2},"end":{"line":24,"column":null}},"12":{"start":{"line":23,"column":4},"end":{"line":23,"column":33}},"13":{"start":{"line":28,"column":20},"end":{"line":28,"column":62}},"14":{"start":{"line":29,"column":2},"end":{"line":31,"column":null}},"15":{"start":{"line":30,"column":4},"end":{"line":30,"column":45}},"16":{"start":{"line":36,"column":20},"end":{"line":38,"column":2}},"17":{"start":{"line":40,"column":0},"end":{"line":40,"column":25}},"18":{"start":{"line":41,"column":0},"end":{"line":41,"column":27}}},"fnMap":{"0":{"name":"createUser","decl":{"start":{"line":8,"column":22},"end":{"line":8,"column":32}},"loc":{"start":{"line":8,"column":70},"end":{"line":18,"column":1}}},"1":{"name":"validateUniqueEmailOrFail","decl":{"start":{"line":20,"column":15},"end":{"line":20,"column":40}},"loc":{"start":{"line":20,"column":54},"end":{"line":25,"column":1}}},"2":{"name":"canEnrollOrFail","decl":{"start":{"line":27,"column":15},"end":{"line":27,"column":30}},"loc":{"start":{"line":27,"column":30},"end":{"line":32,"column":1}}}},"branchMap":{"0":{"loc":{"start":{"line":22,"column":2},"end":{"line":24,"column":null}},"type":"if","locations":[{"start":{"line":22,"column":2},"end":{"line":24,"column":null}}]},"1":{"loc":{"start":{"line":29,"column":2},"end":{"line":31,"column":null}},"type":"if","locations":[{"start":{"line":29,"column":2},"end":{"line":31,"column":null}}]}},"s":{"0":10,"1":10,"2":10,"3":10,"4":10,"5":9,"6":7,"7":5,"8":5,"9":10,"10":7,"11":7,"12":2,"13":9,"14":9,"15":2,"16":10,"17":10,"18":10},"f":{"0":9,"1":7,"2":9},"b":{"0":[2],"1":[2]}}
,"/home/thiago/Documents/Driven/drivent1-ref-initial/src/utils/prisma-utils.ts": {"path":"/home/thiago/Documents/Driven/drivent1-ref-initial/src/utils/prisma-utils.ts","statementMap":{"0":{"start":{"line":2,"column":20},"end":{"line":2,"column":54}},"1":{"start":{"line":3,"column":2},"end":{"line":5,"column":null}},"2":{"start":{"line":4,"column":4},"end":{"line":4,"column":26}},"3":{"start":{"line":6,"column":2},"end":{"line":6,"column":19}},"4":{"start":{"line":1,"column":0},"end":{"line":1,"column":16}}},"fnMap":{"0":{"name":"exclude","decl":{"start":{"line":1,"column":16},"end":{"line":1,"column":23}},"loc":{"start":{"line":1,"column":73},"end":{"line":7,"column":1}}}},"branchMap":{},"s":{"0":12,"1":12,"2":18,"3":12,"4":10},"f":{"0":12},"b":{}}
,"/home/thiago/Documents/Driven/drivent1-ref-initial/src/utils/request.ts": {"path":"/home/thiago/Documents/Driven/drivent1-ref-initial/src/utils/request.ts","statementMap":{"0":{"start":{"line":1,"column":0},"end":{"line":1,"column":26}},"1":{"start":{"line":2,"column":0},"end":{"line":2,"column":40}},"2":{"start":{"line":5,"column":2},"end":{"line":12,"column":null}},"3":{"start":{"line":6,"column":19},"end":{"line":6,"column":39}},"4":{"start":{"line":7,"column":4},"end":{"line":7,"column":18}},"5":{"start":{"line":9,"column":35},"end":{"line":9,"column":49}},"6":{"start":{"line":11,"column":4},"end":{"line":11,"column":44}},"7":{"start":{"line":15,"column":13},"end":{"line":17,"column":2}}},"fnMap":{"0":{"name":"get","decl":{"start":{"line":4,"column":15},"end":{"line":4,"column":18}},"loc":{"start":{"line":4,"column":30},"end":{"line":13,"column":1}}}},"branchMap":{},"s":{"0":10,"1":10,"2":4,"3":4,"4":3,"5":1,"6":1,"7":10},"f":{"0":4},"b":{}}
}
